{"/home/fahadzidan1/j401/code-challeges/linked-list/linkedList.js": {"path":"/home/fahadzidan1/j401/code-challeges/linked-list/linkedList.js","statementMap":{"0":{"start":{"line":3,"column":13},"end":{"line":3,"column":30}},"1":{"start":{"line":9,"column":8},"end":{"line":9,"column":25}},"2":{"start":{"line":13,"column":21},"end":{"line":13,"column":36}},"3":{"start":{"line":14,"column":8},"end":{"line":19,"column":9}},"4":{"start":{"line":15,"column":12},"end":{"line":15,"column":29}},"5":{"start":{"line":17,"column":12},"end":{"line":17,"column":34}},"6":{"start":{"line":18,"column":12},"end":{"line":18,"column":29}},"7":{"start":{"line":23,"column":21},"end":{"line":23,"column":36}},"8":{"start":{"line":24,"column":8},"end":{"line":32,"column":9}},"9":{"start":{"line":25,"column":12},"end":{"line":25,"column":29}},"10":{"start":{"line":27,"column":29},"end":{"line":27,"column":38}},"11":{"start":{"line":28,"column":12},"end":{"line":30,"column":13}},"12":{"start":{"line":29,"column":16},"end":{"line":29,"column":47}},"13":{"start":{"line":31,"column":12},"end":{"line":31,"column":36}},"14":{"start":{"line":36,"column":8},"end":{"line":51,"column":9}},"15":{"start":{"line":37,"column":30},"end":{"line":37,"column":39}},"16":{"start":{"line":38,"column":29},"end":{"line":38,"column":38}},"17":{"start":{"line":39,"column":26},"end":{"line":39,"column":27}},"18":{"start":{"line":40,"column":12},"end":{"line":43,"column":13}},"19":{"start":{"line":41,"column":16},"end":{"line":41,"column":47}},"20":{"start":{"line":42,"column":16},"end":{"line":42,"column":27}},"21":{"start":{"line":44,"column":31},"end":{"line":44,"column":40}},"22":{"start":{"line":45,"column":12},"end":{"line":47,"column":13}},"23":{"start":{"line":45,"column":24},"end":{"line":45,"column":25}},"24":{"start":{"line":46,"column":16},"end":{"line":46,"column":49}},"25":{"start":{"line":48,"column":12},"end":{"line":48,"column":37}},"26":{"start":{"line":50,"column":12},"end":{"line":50,"column":53}},"27":{"start":{"line":55,"column":8},"end":{"line":75,"column":9}},"28":{"start":{"line":56,"column":12},"end":{"line":56,"column":54}},"29":{"start":{"line":58,"column":25},"end":{"line":58,"column":34}},"30":{"start":{"line":59,"column":25},"end":{"line":59,"column":34}},"31":{"start":{"line":61,"column":24},"end":{"line":61,"column":25}},"32":{"start":{"line":62,"column":12},"end":{"line":65,"column":13}},"33":{"start":{"line":63,"column":16},"end":{"line":63,"column":37}},"34":{"start":{"line":64,"column":16},"end":{"line":64,"column":27}},"35":{"start":{"line":66,"column":12},"end":{"line":68,"column":13}},"36":{"start":{"line":66,"column":24},"end":{"line":66,"column":25}},"37":{"start":{"line":67,"column":16},"end":{"line":67,"column":39}},"38":{"start":{"line":69,"column":25},"end":{"line":69,"column":36}},"39":{"start":{"line":73,"column":12},"end":{"line":73,"column":34}},"40":{"start":{"line":74,"column":12},"end":{"line":74,"column":40}},"41":{"start":{"line":79,"column":8},"end":{"line":113,"column":9}},"42":{"start":{"line":80,"column":12},"end":{"line":80,"column":54}},"43":{"start":{"line":82,"column":30},"end":{"line":82,"column":39}},"44":{"start":{"line":83,"column":30},"end":{"line":83,"column":39}},"45":{"start":{"line":84,"column":26},"end":{"line":84,"column":35}},"46":{"start":{"line":85,"column":26},"end":{"line":85,"column":27}},"47":{"start":{"line":86,"column":12},"end":{"line":89,"column":13}},"48":{"start":{"line":87,"column":16},"end":{"line":87,"column":47}},"49":{"start":{"line":88,"column":16},"end":{"line":88,"column":27}},"50":{"start":{"line":90,"column":12},"end":{"line":112,"column":13}},"51":{"start":{"line":91,"column":16},"end":{"line":93,"column":17}},"52":{"start":{"line":91,"column":29},"end":{"line":91,"column":30}},"53":{"start":{"line":92,"column":20},"end":{"line":92,"column":51}},"54":{"start":{"line":94,"column":16},"end":{"line":94,"column":59}},"55":{"start":{"line":96,"column":31},"end":{"line":96,"column":52}},"56":{"start":{"line":97,"column":16},"end":{"line":97,"column":38}},"57":{"start":{"line":98,"column":16},"end":{"line":100,"column":17}},"58":{"start":{"line":98,"column":28},"end":{"line":98,"column":29}},"59":{"start":{"line":99,"column":20},"end":{"line":99,"column":51}},"60":{"start":{"line":101,"column":29},"end":{"line":101,"column":45}},"61":{"start":{"line":102,"column":16},"end":{"line":102,"column":59}},"62":{"start":{"line":103,"column":16},"end":{"line":103,"column":48}},"63":{"start":{"line":104,"column":16},"end":{"line":107,"column":17}},"64":{"start":{"line":104,"column":28},"end":{"line":104,"column":29}},"65":{"start":{"line":105,"column":20},"end":{"line":105,"column":43}},"66":{"start":{"line":108,"column":16},"end":{"line":108,"column":36}},"67":{"start":{"line":110,"column":16},"end":{"line":110,"column":55}},"68":{"start":{"line":117,"column":8},"end":{"line":133,"column":9}},"69":{"start":{"line":118,"column":30},"end":{"line":118,"column":39}},"70":{"start":{"line":119,"column":26},"end":{"line":119,"column":27}},"71":{"start":{"line":120,"column":12},"end":{"line":123,"column":13}},"72":{"start":{"line":121,"column":16},"end":{"line":121,"column":47}},"73":{"start":{"line":122,"column":16},"end":{"line":122,"column":27}},"74":{"start":{"line":124,"column":31},"end":{"line":124,"column":40}},"75":{"start":{"line":125,"column":12},"end":{"line":127,"column":13}},"76":{"start":{"line":125,"column":24},"end":{"line":125,"column":25}},"77":{"start":{"line":126,"column":16},"end":{"line":126,"column":49}},"78":{"start":{"line":128,"column":12},"end":{"line":128,"column":44}},"79":{"start":{"line":129,"column":12},"end":{"line":129,"column":38}},"80":{"start":{"line":132,"column":12},"end":{"line":132,"column":53}},"81":{"start":{"line":137,"column":21},"end":{"line":137,"column":36}},"82":{"start":{"line":138,"column":8},"end":{"line":156,"column":9}},"83":{"start":{"line":139,"column":12},"end":{"line":139,"column":29}},"84":{"start":{"line":141,"column":30},"end":{"line":141,"column":39}},"85":{"start":{"line":142,"column":30},"end":{"line":142,"column":39}},"86":{"start":{"line":143,"column":12},"end":{"line":145,"column":13}},"87":{"start":{"line":143,"column":24},"end":{"line":143,"column":25}},"88":{"start":{"line":144,"column":16},"end":{"line":144,"column":47}},"89":{"start":{"line":146,"column":12},"end":{"line":148,"column":13}},"90":{"start":{"line":146,"column":24},"end":{"line":146,"column":25}},"91":{"start":{"line":147,"column":16},"end":{"line":147,"column":47}},"92":{"start":{"line":149,"column":25},"end":{"line":149,"column":36}},"93":{"start":{"line":150,"column":12},"end":{"line":150,"column":54}},"94":{"start":{"line":151,"column":12},"end":{"line":151,"column":31}},"95":{"start":{"line":152,"column":12},"end":{"line":152,"column":46}},"96":{"start":{"line":153,"column":12},"end":{"line":153,"column":36}},"97":{"start":{"line":154,"column":12},"end":{"line":154,"column":53}},"98":{"start":{"line":160,"column":8},"end":{"line":173,"column":9}},"99":{"start":{"line":161,"column":24},"end":{"line":161,"column":39}},"100":{"start":{"line":162,"column":30},"end":{"line":162,"column":39}},"101":{"start":{"line":163,"column":12},"end":{"line":167,"column":13}},"102":{"start":{"line":164,"column":16},"end":{"line":164,"column":45}},"103":{"start":{"line":166,"column":16},"end":{"line":166,"column":34}},"104":{"start":{"line":168,"column":12},"end":{"line":168,"column":72}},"105":{"start":{"line":169,"column":12},"end":{"line":169,"column":25}},"106":{"start":{"line":172,"column":12},"end":{"line":172,"column":52}},"107":{"start":{"line":177,"column":8},"end":{"line":183,"column":9}},"108":{"start":{"line":178,"column":24},"end":{"line":178,"column":39}},"109":{"start":{"line":179,"column":12},"end":{"line":179,"column":25}},"110":{"start":{"line":182,"column":12},"end":{"line":182,"column":52}},"111":{"start":{"line":186,"column":11},"end":{"line":200,"column":1}},"112":{"start":{"line":202,"column":0},"end":{"line":202,"column":28}}},"fnMap":{"0":{"name":"(anonymous_0)","decl":{"start":{"line":8,"column":4},"end":{"line":8,"column":5}},"loc":{"start":{"line":8,"column":18},"end":{"line":10,"column":5}},"line":8},"1":{"name":"(anonymous_1)","decl":{"start":{"line":12,"column":4},"end":{"line":12,"column":5}},"loc":{"start":{"line":12,"column":18},"end":{"line":20,"column":5}},"line":12},"2":{"name":"(anonymous_2)","decl":{"start":{"line":22,"column":4},"end":{"line":22,"column":5}},"loc":{"start":{"line":22,"column":18},"end":{"line":33,"column":5}},"line":22},"3":{"name":"(anonymous_3)","decl":{"start":{"line":35,"column":4},"end":{"line":35,"column":5}},"loc":{"start":{"line":35,"column":17},"end":{"line":52,"column":5}},"line":35},"4":{"name":"(anonymous_4)","decl":{"start":{"line":54,"column":4},"end":{"line":54,"column":5}},"loc":{"start":{"line":54,"column":17},"end":{"line":76,"column":5}},"line":54},"5":{"name":"(anonymous_5)","decl":{"start":{"line":78,"column":4},"end":{"line":78,"column":5}},"loc":{"start":{"line":78,"column":18},"end":{"line":114,"column":5}},"line":78},"6":{"name":"(anonymous_6)","decl":{"start":{"line":116,"column":4},"end":{"line":116,"column":5}},"loc":{"start":{"line":116,"column":14},"end":{"line":134,"column":5}},"line":116},"7":{"name":"(anonymous_7)","decl":{"start":{"line":136,"column":4},"end":{"line":136,"column":5}},"loc":{"start":{"line":136,"column":28},"end":{"line":157,"column":5}},"line":136},"8":{"name":"(anonymous_8)","decl":{"start":{"line":159,"column":4},"end":{"line":159,"column":5}},"loc":{"start":{"line":159,"column":24},"end":{"line":174,"column":5}},"line":159},"9":{"name":"(anonymous_9)","decl":{"start":{"line":176,"column":4},"end":{"line":176,"column":5}},"loc":{"start":{"line":176,"column":15},"end":{"line":184,"column":5}},"line":176}},"branchMap":{"0":{"loc":{"start":{"line":14,"column":8},"end":{"line":19,"column":9}},"type":"if","locations":[{"start":{"line":14,"column":8},"end":{"line":19,"column":9}},{"start":{"line":16,"column":15},"end":{"line":19,"column":9}}],"line":14},"1":{"loc":{"start":{"line":24,"column":8},"end":{"line":32,"column":9}},"type":"if","locations":[{"start":{"line":24,"column":8},"end":{"line":32,"column":9}},{"start":{"line":26,"column":15},"end":{"line":32,"column":9}}],"line":24},"2":{"loc":{"start":{"line":36,"column":8},"end":{"line":51,"column":9}},"type":"if","locations":[{"start":{"line":36,"column":8},"end":{"line":51,"column":9}},{"start":{"line":49,"column":15},"end":{"line":51,"column":9}}],"line":36},"3":{"loc":{"start":{"line":55,"column":8},"end":{"line":75,"column":9}},"type":"if","locations":[{"start":{"line":55,"column":8},"end":{"line":75,"column":9}},{"start":{"line":57,"column":15},"end":{"line":75,"column":9}}],"line":55},"4":{"loc":{"start":{"line":79,"column":8},"end":{"line":113,"column":9}},"type":"if","locations":[{"start":{"line":79,"column":8},"end":{"line":113,"column":9}},{"start":{"line":81,"column":15},"end":{"line":113,"column":9}}],"line":79},"5":{"loc":{"start":{"line":90,"column":12},"end":{"line":112,"column":13}},"type":"if","locations":[{"start":{"line":90,"column":12},"end":{"line":112,"column":13}},{"start":{"line":95,"column":19},"end":{"line":112,"column":13}}],"line":90},"6":{"loc":{"start":{"line":117,"column":8},"end":{"line":133,"column":9}},"type":"if","locations":[{"start":{"line":117,"column":8},"end":{"line":133,"column":9}},{"start":{"line":131,"column":15},"end":{"line":133,"column":9}}],"line":117},"7":{"loc":{"start":{"line":138,"column":8},"end":{"line":156,"column":9}},"type":"if","locations":[{"start":{"line":138,"column":8},"end":{"line":156,"column":9}},{"start":{"line":140,"column":15},"end":{"line":156,"column":9}}],"line":138},"8":{"loc":{"start":{"line":160,"column":8},"end":{"line":173,"column":9}},"type":"if","locations":[{"start":{"line":160,"column":8},"end":{"line":173,"column":9}},{"start":{"line":171,"column":15},"end":{"line":173,"column":9}}],"line":160},"9":{"loc":{"start":{"line":163,"column":12},"end":{"line":167,"column":13}},"type":"if","locations":[{"start":{"line":163,"column":12},"end":{"line":167,"column":13}},{"start":{"line":165,"column":19},"end":{"line":167,"column":13}}],"line":163},"10":{"loc":{"start":{"line":177,"column":8},"end":{"line":183,"column":9}},"type":"if","locations":[{"start":{"line":177,"column":8},"end":{"line":183,"column":9}},{"start":{"line":181,"column":15},"end":{"line":183,"column":9}}],"line":177}},"s":{"0":1,"1":5,"2":0,"3":0,"4":0,"5":0,"6":0,"7":5,"8":5,"9":4,"10":1,"11":1,"12":0,"13":1,"14":0,"15":0,"16":0,"17":0,"18":0,"19":0,"20":0,"21":0,"22":0,"23":0,"24":0,"25":0,"26":0,"27":0,"28":0,"29":0,"30":0,"31":0,"32":0,"33":0,"34":0,"35":0,"36":0,"37":0,"38":0,"39":0,"40":0,"41":0,"42":0,"43":0,"44":0,"45":0,"46":0,"47":0,"48":0,"49":0,"50":0,"51":0,"52":0,"53":0,"54":0,"55":0,"56":0,"57":0,"58":0,"59":0,"60":0,"61":0,"62":0,"63":0,"64":0,"65":0,"66":0,"67":0,"68":0,"69":0,"70":0,"71":0,"72":0,"73":0,"74":0,"75":0,"76":0,"77":0,"78":0,"79":0,"80":0,"81":0,"82":0,"83":0,"84":0,"85":0,"86":0,"87":0,"88":0,"89":0,"90":0,"91":0,"92":0,"93":0,"94":0,"95":0,"96":0,"97":0,"98":1,"99":1,"100":1,"101":1,"102":1,"103":0,"104":1,"105":1,"106":0,"107":3,"108":3,"109":3,"110":0,"111":1,"112":1},"f":{"0":5,"1":0,"2":5,"3":0,"4":0,"5":0,"6":0,"7":0,"8":1,"9":3},"b":{"0":[0,0],"1":[4,1],"2":[0,0],"3":[0,0],"4":[0,0],"5":[0,0],"6":[0,0],"7":[0,0],"8":[1,0],"9":[1,0],"10":[3,0]},"_coverageSchema":"1a1c01bbd47fc00a2c39e90264f33305004495a9","hash":"30e2dd406dba6bdff7429619f9c3f2f660ec44d6"}
,"/home/fahadzidan1/j401/code-challeges/linked-list/node.js": {"path":"/home/fahadzidan1/j401/code-challeges/linked-list/node.js","statementMap":{"0":{"start":{"line":7,"column":8},"end":{"line":7,"column":27}},"1":{"start":{"line":8,"column":8},"end":{"line":8,"column":25}},"2":{"start":{"line":12,"column":0},"end":{"line":12,"column":22}}},"fnMap":{"0":{"name":"(anonymous_0)","decl":{"start":{"line":6,"column":4},"end":{"line":6,"column":5}},"loc":{"start":{"line":6,"column":32},"end":{"line":9,"column":5}},"line":6}},"branchMap":{"0":{"loc":{"start":{"line":6,"column":22},"end":{"line":6,"column":31}},"type":"default-arg","locations":[{"start":{"line":6,"column":27},"end":{"line":6,"column":31}}],"line":6}},"s":{"0":5,"1":5,"2":1},"f":{"0":5},"b":{"0":[5]},"_coverageSchema":"1a1c01bbd47fc00a2c39e90264f33305004495a9","hash":"010a6e625afa19efcf50518d278c496feac17c2d"}
,"/home/fahadzidan1/j401/code-challeges/linked-list/queue.js": {"path":"/home/fahadzidan1/j401/code-challeges/linked-list/queue.js","statementMap":{"0":{"start":{"line":2,"column":19},"end":{"line":2,"column":42}},"1":{"start":{"line":10,"column":8},"end":{"line":10,"column":40}},"2":{"start":{"line":15,"column":8},"end":{"line":15,"column":35}},"3":{"start":{"line":19,"column":8},"end":{"line":24,"column":9}},"4":{"start":{"line":20,"column":27},"end":{"line":20,"column":59}},"5":{"start":{"line":21,"column":12},"end":{"line":21,"column":28}},"6":{"start":{"line":23,"column":12},"end":{"line":23,"column":51}},"7":{"start":{"line":28,"column":8},"end":{"line":33,"column":9}},"8":{"start":{"line":29,"column":25},"end":{"line":29,"column":48}},"9":{"start":{"line":30,"column":12},"end":{"line":30,"column":26}},"10":{"start":{"line":32,"column":12},"end":{"line":32,"column":51}},"11":{"start":{"line":37,"column":8},"end":{"line":41,"column":9}},"12":{"start":{"line":38,"column":12},"end":{"line":38,"column":25}},"13":{"start":{"line":40,"column":12},"end":{"line":40,"column":24}},"14":{"start":{"line":47,"column":0},"end":{"line":47,"column":23}}},"fnMap":{"0":{"name":"(anonymous_0)","decl":{"start":{"line":9,"column":4},"end":{"line":9,"column":5}},"loc":{"start":{"line":9,"column":18},"end":{"line":11,"column":5}},"line":9},"1":{"name":"(anonymous_1)","decl":{"start":{"line":14,"column":4},"end":{"line":14,"column":5}},"loc":{"start":{"line":14,"column":19},"end":{"line":16,"column":5}},"line":14},"2":{"name":"(anonymous_2)","decl":{"start":{"line":18,"column":4},"end":{"line":18,"column":5}},"loc":{"start":{"line":18,"column":14},"end":{"line":25,"column":5}},"line":18},"3":{"name":"(anonymous_3)","decl":{"start":{"line":27,"column":4},"end":{"line":27,"column":5}},"loc":{"start":{"line":27,"column":11},"end":{"line":34,"column":5}},"line":27},"4":{"name":"(anonymous_4)","decl":{"start":{"line":36,"column":4},"end":{"line":36,"column":5}},"loc":{"start":{"line":36,"column":14},"end":{"line":42,"column":5}},"line":36}},"branchMap":{"0":{"loc":{"start":{"line":19,"column":8},"end":{"line":24,"column":9}},"type":"if","locations":[{"start":{"line":19,"column":8},"end":{"line":24,"column":9}},{"start":{"line":22,"column":15},"end":{"line":24,"column":9}}],"line":19},"1":{"loc":{"start":{"line":28,"column":8},"end":{"line":33,"column":9}},"type":"if","locations":[{"start":{"line":28,"column":8},"end":{"line":33,"column":9}},{"start":{"line":31,"column":15},"end":{"line":33,"column":9}}],"line":28},"2":{"loc":{"start":{"line":37,"column":8},"end":{"line":41,"column":9}},"type":"if","locations":[{"start":{"line":37,"column":8},"end":{"line":41,"column":9}},{"start":{"line":39,"column":15},"end":{"line":41,"column":9}}],"line":37}},"s":{"0":1,"1":5,"2":5,"3":1,"4":1,"5":1,"6":0,"7":3,"8":3,"9":3,"10":0,"11":4,"12":4,"13":0,"14":1},"f":{"0":5,"1":5,"2":1,"3":3,"4":4},"b":{"0":[1,0],"1":[3,0],"2":[4,0]},"_coverageSchema":"1a1c01bbd47fc00a2c39e90264f33305004495a9","hash":"bfe306bc0552b0edc127a17ae5f4f9dc3846fe62"}
}
