TN:
SF:linkedList.js
FN:8,(anonymous_0)
FN:12,(anonymous_1)
FN:22,(anonymous_2)
FN:35,(anonymous_3)
FNF:4
FNH:4
FNDA:6,(anonymous_0)
FNDA:3,(anonymous_1)
FNDA:8,(anonymous_2)
FNDA:1,(anonymous_3)
DA:3,1
DA:9,6
DA:13,3
DA:14,3
DA:15,2
DA:17,1
DA:18,1
DA:23,8
DA:24,8
DA:25,3
DA:27,5
DA:28,5
DA:29,4
DA:31,5
DA:36,1
DA:37,0
DA:39,1
DA:40,1
DA:42,1
DA:43,1
DA:44,3
DA:45,3
DA:47,1
DA:48,2
DA:50,1
DA:54,1
DA:55,1
DA:60,1
DA:76,1
LF:29
LH:28
BRDA:14,0,0,2
BRDA:14,0,1,1
BRDA:24,1,0,3
BRDA:24,1,1,5
BRDA:36,2,0,0
BRDA:36,2,1,1
BRF:6
BRH:5
end_of_record
TN:
SF:node.js
FN:6,(anonymous_0)
FNF:1
FNH:1
FNDA:11,(anonymous_0)
DA:7,11
DA:8,11
DA:12,1
LF:3
LH:3
BRDA:6,0,0,11
BRF:1
BRH:1
end_of_record
