TN:
SF:linkedList.js
FN:8,(anonymous_0)
FN:12,(anonymous_1)
FN:22,(anonymous_2)
FN:35,(anonymous_3)
FN:59,(anonymous_4)
FNF:5
FNH:5
FNDA:7,(anonymous_0)
FNDA:3,(anonymous_1)
FNDA:13,(anonymous_2)
FNDA:1,(anonymous_3)
FNDA:1,(anonymous_4)
DA:3,1
DA:9,7
DA:13,3
DA:14,3
DA:15,2
DA:17,1
DA:18,1
DA:23,13
DA:24,13
DA:25,4
DA:27,9
DA:28,9
DA:29,10
DA:31,9
DA:36,1
DA:37,0
DA:39,1
DA:40,1
DA:42,1
DA:43,1
DA:44,3
DA:45,3
DA:47,1
DA:48,2
DA:50,1
DA:54,1
DA:55,1
DA:60,1
DA:61,0
DA:63,1
DA:64,1
DA:65,1
DA:66,1
DA:67,1
DA:68,4
DA:69,4
DA:71,1
DA:72,0
DA:73,0
DA:75,0
DA:77,1
DA:78,1
DA:79,1
DA:80,2
DA:82,1
DA:83,1
DA:84,1
DA:85,1
DA:86,1
DA:89,1
DA:91,1
DA:100,1
DA:116,1
LF:53
LH:48
BRDA:14,0,0,2
BRDA:14,0,1,1
BRDA:24,1,0,4
BRDA:24,1,1,9
BRDA:36,2,0,0
BRDA:36,2,1,1
BRDA:60,3,0,0
BRDA:60,3,1,1
BRDA:71,4,0,0
BRDA:71,4,1,1
BRF:10
BRH:7
end_of_record
TN:
SF:node.js
FN:6,(anonymous_0)
FNF:1
FNH:1
FNDA:16,(anonymous_0)
DA:7,16
DA:8,16
DA:12,1
LF:3
LH:3
BRDA:6,0,0,16
BRF:1
BRH:1
end_of_record
